Change Component Footprint: Designator=TP7 Old Footprint=TestPoint New Footprint=Testpoints_Via
Change Component Footprint: Designator=TP8 Old Footprint=TestPoint New Footprint=Testpoints_Via
Change Component Footprint: Designator=TP9 Old Footprint=TestPoint New Footprint=Testpoints_Via
Change Component Footprint: Designator=TPCC Old Footprint=TestPoint New Footprint=Testpoints_Via
Change Component Footprint: Designator=TPG Old Footprint=TestPoint New Footprint=Testpoints_Via
Add Component: Footprint Not Found PTH-M2D5X5
Add Component: Footprint Not Found PTH-M2D5X5
Add Component: Footprint Not Found PTH-M2D5X5
Add Component: Footprint Not Found PTH-M2D5X5
Added Component: Designator=TP1(Testpoints_Via)
Added Component: Designator=TP2(Testpoints_Via)
Added Component: Designator=TP3(Testpoints_Via)
Added Component: Designator=TP4(Testpoints_Via)
Add Pin To Net: Unknown Pin: Pin TP1-1
Add Pin To Net: Unknown Pin: Pin TP2-1
Add Pin To Net: Unknown Pin: Pin TP3-1
Add Pin To Net: Unknown Pin: Pin TP4-1
Add Pin To Net: Unknown Pin: Pin TP7-1
Add Pin To Net: Unknown Pin: Pin TP8-1
Add Pin To Net: Unknown Pin: Pin TP9-1
Add Pin To Net: Unknown Pin: Pin TPCC-1
Add Pin To Net: Unknown Pin: Pin TPG-1
Add Class Member: Failed to add class member : Component ST1 Mounting Hole
Add Class Member: Failed to add class member : Component ST2 Mounting Hole
Add Class Member: Failed to add class member : Component ST3 Mounting Hole
Add Class Member: Failed to add class member : Component ST4 Mounting Hole
Added Member To Class: ClassName=eLFLv2_0 Member=Component TP1 Test Point
Added Member To Class: ClassName=eLFLv2_0 Member=Component TP2 Test Point
Added Member To Class: ClassName=eLFLv2_0 Member=Component TP3 Test Point
Added Member To Class: ClassName=eLFLv2_0 Member=Component TP4 Test Point
Added Room: Name=eLFLv2_0
