Removed Pin From Net: NetName=VCC Pin=LORA TestPoint-1
Removed Pin From Net: NetName=GND Pin=LORA TestPoint-2
Removed Pin From Net: NetName=LORA_EN Pin=LORA TestPoint-3
Removed Pin From Net: NetName=LORA_G0 Pin=LORA TestPoint-4
Removed Pin From Net: NetName=LORA_SCK Pin=LORA TestPoint-5
Removed Pin From Net: NetName=LORA_MISO Pin=LORA TestPoint-6
Removed Pin From Net: NetName=LORA_MOSI Pin=LORA TestPoint-7
Removed Pin From Net: NetName=LORA_CS Pin=LORA TestPoint-8
Removed Pin From Net: NetName=VCC Pin=LORA TestPoint-9
Removed Member From Class: ClassName=eLFLv2_0 Member=LORA TestPoint
Add Component: Footprint Not Found PTH-M2D5X5
Add Component: Footprint Not Found PTH-M2D5X5
Add Component: Footprint Not Found PTH-M2D5X5
Add Component: Footprint Not Found PTH-M2D5X5
Added Component: Designator=U4(LORA TESTPOINTS)
Added Pin To Net: NetName=VCC Pin=U4-1
Added Pin To Net: NetName=GND Pin=U4-2
Added Pin To Net: NetName=LORA_EN Pin=U4-3
Added Pin To Net: NetName=LORA_G0 Pin=U4-4
Added Pin To Net: NetName=LORA_SCK Pin=U4-5
Added Pin To Net: NetName=LORA_MISO Pin=U4-6
Added Pin To Net: NetName=LORA_MOSI Pin=U4-7
Added Pin To Net: NetName=LORA_CS Pin=U4-8
Added Pin To Net: NetName=VCC Pin=U4-9
Add Class Member: Failed to add class member : Component ST1 Mounting Hole
Add Class Member: Failed to add class member : Component ST2 Mounting Hole
Add Class Member: Failed to add class member : Component ST3 Mounting Hole
Add Class Member: Failed to add class member : Component ST4 Mounting Hole
Added Member To Class: ClassName=eLFLv2_0 Member=Component U4 Lora_Testpoints
Added Member To Class: ClassName=eLFLv2_0 Member=Component USB2 Fuse 3568
Added Member To Class: ClassName=eLFLv2_0 Member=Component USB2 Terminal Connector
Added Room: Name=eLFLv2_0
