Removed Pin From Net: NetName=VCC Pin=P5-7
Removed Pin From Net: NetName=RTC SCL Pin=P5-8
Added Component: Designator=DS1(AVAG-HLMP-3301-2)
Add component (AddParameter): Name = "Chip Material"; Value = "GaP"; VariantName = "[No Variations]"
Add component (AddParameter): Name = "Datasheet URL"; Value = "http://www.avagotech.com/docs/AV02-1558EN"; VariantName = "[No Variations]"
Add component (AddParameter): Name = "Datasheet Version"; Value = "03/2015"; VariantName = "[No Variations]"
Add component (AddParameter): Name = "DELETED"; Value = "Compliant"; VariantName = "[No Variations]"
Add component (AddParameter): Name = "Dominant Wave Length"; Value = "626nm"; VariantName = "[No Variations]"
Add component (AddParameter): Name = "Emitting Color"; Value = "Red"; VariantName = "[No Variations]"
Add component (AddParameter): Name = "Forward Current"; Value = "25mA"; VariantName = "[No Variations]"
Add component (AddParameter): Name = "Forward Voltage"; Value = "2.4V"; VariantName = "[No Variations]"
Add component (AddParameter): Name = "High Brightness"; Value = "No"; VariantName = "[No Variations]"
Add component (AddParameter): Name = "Lens Dimensions"; Value = "5.08x5.08x8.3mm"; VariantName = "[No Variations]"
Add component (AddParameter): Name = "Lens Type"; Value = "ColoredDiffused"; VariantName = "[No Variations]"
Add component (AddParameter): Name = "Lum Intensity"; Value = "5.4mcd"; VariantName = "[No Variations]"
Add component (AddParameter): Name = "Luminous Intensity"; Value = "5.4mcd"; VariantName = "[No Variations]"
Add component (AddParameter): Name = "Main Category"; Value = "StandardLED"; VariantName = "[No Variations]"
Add component (AddParameter): Name = "Manufacturer"; Value = "Avago"; VariantName = "[No Variations]"
Add component (AddParameter): Name = "Manufacturer URL"; Value = "http://www.avagotech.com/"; VariantName = "[No Variations]"
Add component (AddParameter): Name = "Mounting"; Value = "ThroughHole"; VariantName = "[No Variations]"
Add component (AddParameter): Name = "Mounting Technology"; Value = "ThroughHole"; VariantName = "[No Variations]"
Add component (AddParameter): Name = "Number of  Elements"; Value = "1"; VariantName = "[No Variations]"
Add component (AddParameter): Name = "Operating Temp Range"; Value = "-40Cto100C"; VariantName = "[No Variations]"
Add component (AddParameter): Name = "Operating Temperature Classification"; Value = "Industrial"; VariantName = "[No Variations]"
Add component (AddParameter): Name = "Package Description"; Value = "2-Pin Through Hole LED, Dia 5.85 mm"; VariantName = "[No Variations]"
Add component (AddParameter): Name = "Package Reference"; Value = "HLMP-3301"; VariantName = "[No Variations]"
Add component (AddParameter): Name = "Package Type"; Value = "T-13/4"; VariantName = "[No Variations]"
Add component (AddParameter): Name = "Packaging"; Value = "TapeandReel"; VariantName = "[No Variations]"
Add component (AddParameter): Name = "Peak Wavelength"; Value = "635nm"; VariantName = "[No Variations]"
Add component (AddParameter): Name = "Pin Count"; Value = "2"; VariantName = "[No Variations]"
Add component (AddParameter): Name = "Power Dissipation"; Value = "85W"; VariantName = "[No Variations]"
Add component (AddParameter): Name = "Product Depth (mm)"; Value = "6.1mm"; VariantName = "[No Variations]"
Add component (AddParameter): Name = "Product Height (mm)"; Value = "9.19mm"; VariantName = "[No Variations]"
Add component (AddParameter): Name = "Product Length (mm)"; Value = "6.1mm"; VariantName = "[No Variations]"
Add component (AddParameter): Name = "Rad Hardened"; Value = "No"; VariantName = "[No Variations]"
Add component (AddParameter): Name = "Reverse Voltage"; Value = "5V"; VariantName = "[No Variations]"
Add component (AddParameter): Name = "Shape Type"; Value = "Circular"; VariantName = "[No Variations]"
Add component (AddParameter): Name = "Test Current (It)"; Value = "10mA"; VariantName = "[No Variations]"
Add component (AddParameter): Name = "Type"; Value = "Uni-Color"; VariantName = "[No Variations]"
Add component (AddParameter): Name = "Viewing Angle"; Value = "60deg"; VariantName = "[No Variations]"
Added Component: Designator=DS2(AVAG-HLMP-3301-2)
Add component (AddParameter): Name = "Chip Material"; Value = "GaP"; VariantName = "[No Variations]"
Add component (AddParameter): Name = "Datasheet URL"; Value = "http://www.avagotech.com/docs/AV02-1558EN"; VariantName = "[No Variations]"
Add component (AddParameter): Name = "Datasheet Version"; Value = "03/2015"; VariantName = "[No Variations]"
Add component (AddParameter): Name = "DELETED"; Value = "Compliant"; VariantName = "[No Variations]"
Add component (AddParameter): Name = "Dominant Wave Length"; Value = "626nm"; VariantName = "[No Variations]"
Add component (AddParameter): Name = "Emitting Color"; Value = "Red"; VariantName = "[No Variations]"
Add component (AddParameter): Name = "Forward Current"; Value = "25mA"; VariantName = "[No Variations]"
Add component (AddParameter): Name = "Forward Voltage"; Value = "2.4V"; VariantName = "[No Variations]"
Add component (AddParameter): Name = "High Brightness"; Value = "No"; VariantName = "[No Variations]"
Add component (AddParameter): Name = "Lens Dimensions"; Value = "5.08x5.08x8.3mm"; VariantName = "[No Variations]"
Add component (AddParameter): Name = "Lens Type"; Value = "ColoredDiffused"; VariantName = "[No Variations]"
Add component (AddParameter): Name = "Lum Intensity"; Value = "5.4mcd"; VariantName = "[No Variations]"
Add component (AddParameter): Name = "Luminous Intensity"; Value = "5.4mcd"; VariantName = "[No Variations]"
Add component (AddParameter): Name = "Main Category"; Value = "StandardLED"; VariantName = "[No Variations]"
Add component (AddParameter): Name = "Manufacturer"; Value = "Avago"; VariantName = "[No Variations]"
Add component (AddParameter): Name = "Manufacturer URL"; Value = "http://www.avagotech.com/"; VariantName = "[No Variations]"
Add component (AddParameter): Name = "Mounting"; Value = "ThroughHole"; VariantName = "[No Variations]"
Add component (AddParameter): Name = "Mounting Technology"; Value = "ThroughHole"; VariantName = "[No Variations]"
Add component (AddParameter): Name = "Number of  Elements"; Value = "1"; VariantName = "[No Variations]"
Add component (AddParameter): Name = "Operating Temp Range"; Value = "-40Cto100C"; VariantName = "[No Variations]"
Add component (AddParameter): Name = "Operating Temperature Classification"; Value = "Industrial"; VariantName = "[No Variations]"
Add component (AddParameter): Name = "Package Description"; Value = "2-Pin Through Hole LED, Dia 5.85 mm"; VariantName = "[No Variations]"
Add component (AddParameter): Name = "Package Reference"; Value = "HLMP-3301"; VariantName = "[No Variations]"
Add component (AddParameter): Name = "Package Type"; Value = "T-13/4"; VariantName = "[No Variations]"
Add component (AddParameter): Name = "Packaging"; Value = "TapeandReel"; VariantName = "[No Variations]"
Add component (AddParameter): Name = "Peak Wavelength"; Value = "635nm"; VariantName = "[No Variations]"
Add component (AddParameter): Name = "Pin Count"; Value = "2"; VariantName = "[No Variations]"
Add component (AddParameter): Name = "Power Dissipation"; Value = "85W"; VariantName = "[No Variations]"
Add component (AddParameter): Name = "Product Depth (mm)"; Value = "6.1mm"; VariantName = "[No Variations]"
Add component (AddParameter): Name = "Product Height (mm)"; Value = "9.19mm"; VariantName = "[No Variations]"
Add component (AddParameter): Name = "Product Length (mm)"; Value = "6.1mm"; VariantName = "[No Variations]"
Add component (AddParameter): Name = "Rad Hardened"; Value = "No"; VariantName = "[No Variations]"
Add component (AddParameter): Name = "Reverse Voltage"; Value = "5V"; VariantName = "[No Variations]"
Add component (AddParameter): Name = "Shape Type"; Value = "Circular"; VariantName = "[No Variations]"
Add component (AddParameter): Name = "Test Current (It)"; Value = "10mA"; VariantName = "[No Variations]"
Add component (AddParameter): Name = "Type"; Value = "Uni-Color"; VariantName = "[No Variations]"
Add component (AddParameter): Name = "Viewing Angle"; Value = "60deg"; VariantName = "[No Variations]"
Added Component: Designator=P1(Current/Voltage Sensor)
Added Component: Designator=P2(HDR1X6)
Add component (AddParameter): Name = "LatestRevisionDate"; Value = "17-Jul-2002"; VariantName = "[No Variations]"
Add component (AddParameter): Name = "LatestRevisionNote"; Value = "Re-released for DXP Platform."; VariantName = "[No Variations]"
Add component (AddParameter): Name = "Publisher"; Value = "Altium Limited"; VariantName = "[No Variations]"
Added Component: Designator=P3(Current/Voltage Sensor)
Added Component: Designator=P4(Current/Voltage Sensor)
Added Component: Designator=TP1(TestPoint)
Added Component: Designator=TP3(TestPoint)
Added Component: Designator=TP4(TestPoint)
Added Component: Designator=TP6(TestPoint)
Added Component: Designator=TP8(TestPoint)
Added Component: Designator=U1(HDR1X3)
Add component (AddParameter): Name = "Code_JEDEC"; Value = "TO-226-AA"; VariantName = "[No Variations]"
Add component (AddParameter): Name = "ComponentLink1Description"; Value = "Manufacturer URL"; VariantName = "[No Variations]"
Add component (AddParameter): Name = "ComponentLink1URL"; Value = "http://www.analog.com/en/index.html"; VariantName = "[No Variations]"
Add component (AddParameter): Name = "ComponentLink2Description"; Value = "Datasheet"; VariantName = "[No Variations]"
Add component (AddParameter): Name = "ComponentLink2URL"; Value = "http://www.analog.com/static/imported-files/data_sheets/TMP35_36_37.pdf"; VariantName = "[No Variations]"
Add component (AddParameter): Name = "ComponentLink3Description"; Value = "Package Specification"; VariantName = "[No Variations]"
Add component (AddParameter): Name = "ComponentLink3URL"; Value = "http://www.analog.com/static/imported-files/packages/PKG_PDF/TO-92(T)/T_3.pdf"; VariantName = "[No Variations]"
Add component (AddParameter): Name = "ComponentLink4Description"; Value = "Product URL"; VariantName = "[No Variations]"
Add component (AddParameter): Name = "ComponentLink4URL"; Value = "http://www.analog.com/en/mems-sensors/digital-temperature-sensors/tmp36/products/product.html"; VariantName = "[No Variations]"
Add component (AddParameter): Name = "DatasheetVersion"; Value = "Rev. F"; VariantName = "[No Variations]"
Add component (AddParameter): Name = "Manufacturer"; Value = "Analog Devices"; VariantName = "[No Variations]"
Add component (AddParameter): Name = "Mounting Technology"; Value = "Through Hole"; VariantName = "[No Variations]"
Add component (AddParameter): Name = "PackageDescription"; Value = "3-Pin Plastic Header-Style Package, 1.27 mm Pitch"; VariantName = "[No Variations]"
Add component (AddParameter): Name = "PackageReference"; Value = "T-3"; VariantName = "[No Variations]"
Add component (AddParameter): Name = "PackageVersion"; Value = "042208-A, 04/2008"; VariantName = "[No Variations]"
Add component (AddParameter): Name = "Packing"; Value = "Tray"; VariantName = "[No Variations]"
Add component (AddParameter): Name = "PartNumber"; Value = "TMP36GT9Z"; VariantName = "[No Variations]"
Add component (AddParameter): Name = "Supply Voltage Range"; Value = "2.7 to 5.5 V"; VariantName = "[No Variations]"
Added Component: Designator=U2(MODULE_ABX00028)
Add component (AddParameter): Name = "Availability"; Value = "Unavailable"; VariantName = "[No Variations]"
Add component (AddParameter): Name = "MF"; Value = "{'manufacturer': u'Arduino'}"; VariantName = "[No Variations]"
Add component (AddParameter): Name = "MP"; Value = "ABX00053"; VariantName = "[No Variations]"
Add component (AddParameter): Name = "Package"; Value = "None"; VariantName = "[No Variations]"
Add component (AddParameter): Name = "Price"; Value = "None"; VariantName = "[No Variations]"
Add component (AddParameter): Name = "Value"; Value = ""; VariantName = "[No Variations]"
Added Component: Designator=U3(RF95)
Added Pin To Net: NetName=NetDS1_1 Pin=DS1-1
Added Pin To Net: NetName=GRN_LED Pin=DS1-2
Added Pin To Net: NetName=NetDS2_1 Pin=DS2-1
Added Pin To Net: NetName=RED_LED Pin=DS2-2
Added Pin To Net: NetName=VCC Pin=P1-1
Added Pin To Net: NetName=LOAD_CUR Pin=P1-2
Added Pin To Net: NetName=GND Pin=P1-3
Added Pin To Net: NetName=LOAD GND Pin=P1-4
Added Pin To Net: NetName=LOAD INPUT Pin=P1-5
Added Pin To Net: NetName=TX Pin=P2-2
Added Pin To Net: NetName=VCC Pin=P2-4
Added Pin To Net: NetName=GND Pin=P2-5
Added Pin To Net: NetName=VCC Pin=P3-1
Added Pin To Net: NetName=BAT_CUR Pin=P3-2
Added Pin To Net: NetName=GND Pin=P3-3
Added Pin To Net: NetName=BAT GND Pin=P3-4
Added Pin To Net: NetName=BAT INPUT Pin=P3-5
Added Pin To Net: NetName=VCC Pin=P4-1
Added Pin To Net: NetName=BAT_V Pin=P4-2
Added Pin To Net: NetName=GND Pin=P4-3
Added Pin To Net: NetName=VOL SENSE GND Pin=P4-4
Added Pin To Net: NetName=VOL SENSE INPUT Pin=P4-5
Added Pin To Net: NetName=RTC SCL Pin=P5-6
Added Pin To Net: NetName=VCC Pin=P5-8
Add Pin To Net: Unknown Pin: Pin TP1-1
Add Pin To Net: Unknown Pin: Pin TP3-1
Add Pin To Net: Unknown Pin: Pin TP4-1
Add Pin To Net: Unknown Pin: Pin TP6-1
Add Pin To Net: Unknown Pin: Pin TP8-1
Added Pin To Net: NetName=VCC Pin=U1-1
Added Pin To Net: NetName=TMP Pin=U1-2
Added Pin To Net: NetName=GND Pin=U1-3
Added Pin To Net: NetName=LORA_SCK Pin=U2-1
Added Pin To Net: NetName=TMP Pin=U2-4
Added Pin To Net: NetName=LOAD_CUR Pin=U2-5
Added Pin To Net: NetName=BAT_CUR Pin=U2-6
Added Pin To Net: NetName=BAT_V Pin=U2-7
Added Pin To Net: NetName=RTC SDA Pin=U2-8
Added Pin To Net: NetName=RTC SCL Pin=U2-9
Added Pin To Net: NetName=VCC Pin=U2-12
Added Pin To Net: NetName=GND Pin=U2-14
Added Pin To Net: NetName=TX Pin=U2-16
Added Pin To Net: NetName=GND Pin=U2-19
Added Pin To Net: NetName=RED_LED Pin=U2-20
Added Pin To Net: NetName=LORA_G0 Pin=U2-21
Added Pin To Net: NetName=LORA_EN Pin=U2-22
Added Pin To Net: NetName=GRN_LED Pin=U2-23
Added Pin To Net: NetName=DOOR SENSE Pin=U2-24
Added Pin To Net: NetName=D7-TP Pin=U2-25
Added Pin To Net: NetName=D8-TP Pin=U2-26
Added Pin To Net: NetName=D9-TP Pin=U2-27
Added Pin To Net: NetName=LORA_CS Pin=U2-28
Added Pin To Net: NetName=LORA_MOSI Pin=U2-29
Added Pin To Net: NetName=LORA_MISO Pin=U2-30
Added Pin To Net: NetName=VCC Pin=U3-1
Added Pin To Net: NetName=GND Pin=U3-2
Added Pin To Net: NetName=LORA_EN Pin=U3-3
Added Pin To Net: NetName=LORA_G0 Pin=U3-4
Added Pin To Net: NetName=LORA_SCK Pin=U3-5
Added Pin To Net: NetName=LORA_MISO Pin=U3-6
Added Pin To Net: NetName=LORA_MOSI Pin=U3-7
Added Pin To Net: NetName=LORA_CS Pin=U3-8
Added Pin To Net: NetName=VCC Pin=U3-9
Added Member To Class: ClassName=eLFLv2_0 Member=Component DS1 HLMP-3301
Added Member To Class: ClassName=eLFLv2_0 Member=Component DS2 HLMP-3301
Added Member To Class: ClassName=eLFLv2_0 Member=Component P1 ACS723
Added Member To Class: ClassName=eLFLv2_0 Member=Component P2 OpenLog
Added Member To Class: ClassName=eLFLv2_0 Member=Component P3 ACS723
Added Member To Class: ClassName=eLFLv2_0 Member=Component P4 Voltage Sensor
Added Member To Class: ClassName=eLFLv2_0 Member=Component TP1 Test Point
Added Member To Class: ClassName=eLFLv2_0 Member=Component TP3 Test Point
Added Member To Class: ClassName=eLFLv2_0 Member=Component TP4 Test Point
Added Member To Class: ClassName=eLFLv2_0 Member=Component TP6 Test Point
Added Member To Class: ClassName=eLFLv2_0 Member=Component TP8 Test Point
Added Member To Class: ClassName=eLFLv2_0 Member=Component U1 TMP36GT9Z
Added Member To Class: ClassName=eLFLv2_0 Member=Component U2 ABX00053
Added Member To Class: ClassName=eLFLv2_0 Member=Component U3 RF95 Module
