Removed Pin From Net: NetName=GND Pin=R2-1
Removed Pin From Net: NetName=RED_LED Pin=Red1-2
Change Component Designator: OldDesignator=Battery Charge Control Output NewDesignator=Battery Charge Control Output1
Change Component Designator: OldDesignator=Door Sensor NewDesignator=Door Sensor1
Change Component Designator: OldDesignator=Load Out NewDesignator=2
Change Component Designator: OldDesignator=Load Output NewDesignator=Load Output1
Add Component: Footprint Not Found PTH-M2D5X5
Add Component: Footprint Not Found PTH-M2D5X5
Add Component: Footprint Not Found PTH-M2D5X5
Add Component: Footprint Not Found PTH-M2D5X5
Added Pin To Net: NetName=RED_LED Pin=R2-2
Added Pin To Net: NetName=GND Pin=Red1-1
Added Pin To Net: NetName=NetR2_1 Pin=R2-1
Added Pin To Net: NetName=NetR2_1 Pin=Red1-2
Added Net: Name=NetR2_1
Add Class Member: Failed to add class member : Component ST1 Mounting Hole
Add Class Member: Failed to add class member : Component ST2 Mounting Hole
Add Class Member: Failed to add class member : Component ST3 Mounting Hole
Add Class Member: Failed to add class member : Component ST4 Mounting Hole
Added Room: Name=eLFLv2_0
