Change Component Designator: OldDesignator=D7 NewDesignator=D3
Change Component Designator: OldDesignator=D8 NewDesignator=D2
Change Component Designator: OldDesignator=D9 NewDesignator=D1
Change Component Designator: OldDesignator=GND NewDesignator=GND1
Change Component Designator: OldDesignator=VCC NewDesignator=VCC1
Added Component: Designator=1(TP1)
Added Component: Designator=2(TP1)
Added Component: Designator=BATT1(TP1)
Added Component: Designator=DS1(TP1)
Add Component: Footprint Not Found PTH-M2D5X5
Add Component: Footprint Not Found PTH-M2D5X5
Add Component: Footprint Not Found PTH-M2D5X5
Add Component: Footprint Not Found PTH-M2D5X5
Added Component: Designator=Temp Sense(TP1)
Added Component: Designator=TX1(TP1)
Added Pin To Net: NetName=12V Pin=1-1
Added Pin To Net: NetName=5V Pin=2-1
Added Pin To Net: NetName=Battery CC Pin=BATT1-1
Added Pin To Net: NetName=DOOR SENSE Pin=DS1-1
Added Pin To Net: NetName=TMP Pin=Temp Sense-1
Added Pin To Net: NetName=RX Pin=TX1-1
Added Member To Class: ClassName=eLFLv2_0 Member=Component 1 Test Point
Added Member To Class: ClassName=eLFLv2_0 Member=Component 2 Test Point
Added Member To Class: ClassName=eLFLv2_0 Member=Component BATT1 Test Point
Added Member To Class: ClassName=eLFLv2_0 Member=Component DS1 Test Point
Add Class Member: Failed to add class member : Component ST1 Mounting Hole
Add Class Member: Failed to add class member : Component ST2 Mounting Hole
Add Class Member: Failed to add class member : Component ST3 Mounting Hole
Add Class Member: Failed to add class member : Component ST4 Mounting Hole
Added Member To Class: ClassName=eLFLv2_0 Member=Component Temp Sense Test Point
Added Member To Class: ClassName=eLFLv2_0 Member=Component TX1 Test Point
Added Room: Name=eLFLv2_0
