Change Component Footprint: Designator=12 V Battery Input Old Footprint=Anderson Power Pole New Footprint=Terminal Block
Change Component Footprint: Designator=Battery Charge Control Output1 Old Footprint=Anderson Power Pole New Footprint=Terminal Block
Change Component Footprint: Designator=Door Sensor1 Old Footprint=Anderson Power Pole New Footprint=Terminal Block
Change Component Footprint: Designator=Load Output1 Old Footprint=Anderson Power Pole New Footprint=Terminal Block
Change Component Footprint: Designator=USB1 Old Footprint=Anderson Power Pole New Footprint=Terminal Block
Change Component Footprint: Designator=USB2 Old Footprint=Anderson Power Pole New Footprint=Terminal Block
Added Component: Designator=*1(RTC Breakout Board)
Add Component: Footprint Not Found Testpoints_Via
Add Component: Footprint Not Found Testpoints_Via
Add Component: Footprint Not Found Testpoints_Via
Add Component: Footprint Not Found Testpoints_Via
Add Component: Footprint Not Found PTH-M2D5X5
Add Component: Footprint Not Found PTH-M2D5X5
Add Component: Footprint Not Found PTH-M2D5X5
Add Component: Footprint Not Found PTH-M2D5X5
Add Component: Footprint Not Found Testpoints_Via
Add Component: Footprint Not Found Testpoints_Via
Added Pin To Net: NetName=GND Pin=*1-1
Added Pin To Net: NetName=VCC Pin=*1-2
Added Pin To Net: NetName=Net*1_3 Pin=*1-3
Added Pin To Net: NetName=Net*1_4 Pin=*1-4
Add Pin To Net: Unknown Pin: Pin 1-1
Add Pin To Net: Unknown Pin: Pin 2-1
Add Pin To Net: Unknown Pin: Pin BATT1-1
Add Pin To Net: Unknown Pin: Pin DS1-1
Add Pin To Net: Unknown Pin: Pin Temp Sense-1
Add Pin To Net: Unknown Pin: Pin TX1-1
Added Pin To Net: NetName=Net12Voltage Sensor_4 Pin=12Voltage Sensor-4
Added Net: Name=Net12Voltage Sensor_4
Added Member To Class: ClassName=eLFLv2_0 Member=Component *1 RTC Breakout Board
Add Class Member: Failed to add class member : Component 1 Test Point
Add Class Member: Failed to add class member : Component 2 Test Point
Add Class Member: Failed to add class member : Component BATT1 Test Point
Add Class Member: Failed to add class member : Component DS1 Test Point
Add Class Member: Failed to add class member : Component ST1 Mounting Hole
Add Class Member: Failed to add class member : Component ST2 Mounting Hole
Add Class Member: Failed to add class member : Component ST3 Mounting Hole
Add Class Member: Failed to add class member : Component ST4 Mounting Hole
Add Class Member: Failed to add class member : Component Temp Sense Test Point
Add Class Member: Failed to add class member : Component TX1 Test Point
Added Room: Name=eLFLv2_0
