Removed Pin From Net: NetName=VCC Pin=U4-1
Removed Pin From Net: NetName=GND Pin=U4-2
Removed Pin From Net: NetName=LORA_EN Pin=U4-3
Removed Pin From Net: NetName=LORA_G0 Pin=U4-4
Removed Pin From Net: NetName=LORA_SCK Pin=U4-5
Removed Pin From Net: NetName=LORA_MISO Pin=U4-6
Removed Pin From Net: NetName=LORA_MOSI Pin=U4-7
Removed Pin From Net: NetName=LORA_CS Pin=U4-8
Removed Pin From Net: NetName=VCC Pin=U4-9
Removed Member From Class: ClassName=eLFLv2_0 Member=U4
Change Component Comment : Designator=12V Old Comment=12V Battery New Comment=
Change Component Comment : Designator=T5 to Voltage Sense Old Comment=Batt Charge New Comment=
Change Component Comment : Designator=Door Sense Old Comment=Door Sense New Comment=
Change Component Comment : Designator=USB1 Old Comment=USB 1 New Comment=
Change Component Comment : Designator=USB2 Old Comment=USB2 New Comment=
Change Component Designator: OldDesignator=12V NewDesignator=12V Battery
Change Component Designator: OldDesignator=Door Sense NewDesignator=Door Sensor
Change Component Designator: OldDesignator=T5 to Voltage Sense NewDesignator=Output of Batt Charger
Added Component: Designator=LORA TestPoint(MHDR1X9)
Add component (AddParameter): Name = "LatestRevisionDate"; Value = "17-Jul-2002"; VariantName = "[No Variations]"
Add component (AddParameter): Name = "LatestRevisionNote"; Value = "Re-released for DXP Platform."; VariantName = "[No Variations]"
Add component (AddParameter): Name = "Publisher"; Value = "Altium Limited"; VariantName = "[No Variations]"
Add Component: Footprint Not Found PTH-M2D5X5
Add Component: Footprint Not Found PTH-M2D5X5
Add Component: Footprint Not Found PTH-M2D5X5
Add Component: Footprint Not Found PTH-M2D5X5
Added Pin To Net: NetName=VCC Pin=LORA TestPoint-1
Added Pin To Net: NetName=GND Pin=LORA TestPoint-2
Added Pin To Net: NetName=LORA_EN Pin=LORA TestPoint-3
Added Pin To Net: NetName=LORA_G0 Pin=LORA TestPoint-4
Added Pin To Net: NetName=LORA_SCK Pin=LORA TestPoint-5
Added Pin To Net: NetName=LORA_MISO Pin=LORA TestPoint-6
Added Pin To Net: NetName=LORA_MOSI Pin=LORA TestPoint-7
Added Pin To Net: NetName=LORA_CS Pin=LORA TestPoint-8
Added Pin To Net: NetName=VCC Pin=LORA TestPoint-9
Add Pin To Net: Unknown Pin: Pin TP1-1
Add Pin To Net: Unknown Pin: Pin TP2-1
Add Pin To Net: Unknown Pin: Pin TP3-1
Add Pin To Net: Unknown Pin: Pin TP4-1
Add Pin To Net: Unknown Pin: Pin TP7-1
Add Pin To Net: Unknown Pin: Pin TP8-1
Add Pin To Net: Unknown Pin: Pin TP9-1
Add Pin To Net: Unknown Pin: Pin TPCC-1
Add Pin To Net: Unknown Pin: Pin TPG-1
Change Net Name : Old Net Name=NetBattery Fuse_4 New Net Name=Net12V Battery_1
Change Net Name : Old Net Name=NetT1_1 New Net Name=NetUSB1 Fuse_4
Change Net Name : Old Net Name=NetT2_1 New Net Name=NetUSB2 Fuse_4
Added Member To Class: ClassName=eLFLv2_0 Member=Component LORA TestPoint MHDR1X9
Add Class Member: Failed to add class member : Component ST1 Mounting Hole
Add Class Member: Failed to add class member : Component ST2 Mounting Hole
Add Class Member: Failed to add class member : Component ST3 Mounting Hole
Add Class Member: Failed to add class member : Component ST4 Mounting Hole
Added Room: Name=eLFLv2_0
