Change Footprint: Footprint Not Found Testpoints_Via
Change Footprint: Footprint Not Found Testpoints_Via
Change Footprint: Footprint Not Found Testpoints_Via
Change Footprint: Footprint Not Found Testpoints_Via
Change Footprint: Footprint Not Found Testpoints_Via
Change Component Footprint: Designator=12V Battery Old Footprint=Anderson Power Pole New Footprint=Terminal Block
Change Component Footprint: Designator=Door Sensor Old Footprint=Anderson Power Pole New Footprint=Terminal Block
Change Component Footprint: Designator=Output Charge Controller Old Footprint=Anderson Power Pole New Footprint=Terminal Block
Change Component Footprint: Designator=USB1 Old Footprint=Anderson Power Pole New Footprint=Terminal Block
Change Component Footprint: Designator=USB2 Old Footprint=Anderson Power Pole New Footprint=Terminal Block
Change Component Comment : Designator=C2 Old Comment=Cap New Comment=1uF
Change component parameters: Designator = "Buck Converter" ("BC1"); Footprint = "Buck Converter"; UniqueID = "\TXWSZXWK" ("\TXWSZXWK")
Change component parameters (AddParameter): Name = "Supplier 1"; Value = "Digi-Key"; VariantName = "[No Variations]"
Change component parameters (AddParameter): Name = "Supplier Part Number 1"; Value = "945-2201-ND"; VariantName = "[No Variations]"
Add Component: Footprint Not Found PTH-M2D5X5
Add Component: Footprint Not Found PTH-M2D5X5
Add Component: Footprint Not Found PTH-M2D5X5
Add Component: Footprint Not Found PTH-M2D5X5
Change Net Name : Old Net Name=TX New Net Name=RX
Add Class Member: Failed to add class member : Component BC1 Buck Converter
Add Class Member: Failed to add class member : Component Output of Batt Charger Terminal Connector
Add Class Member: Failed to add class member : Component P1 ACS723
Add Class Member: Failed to add class member : Component P3 ACS723
Add Class Member: Failed to add class member : Component P5 Real Time Clock
Add Class Member: Failed to add class member : Component Q Voltage Sensor
Add Class Member: Failed to add class member : Component ST1 Mounting Hole
Add Class Member: Failed to add class member : Component ST2 Mounting Hole
Add Class Member: Failed to add class member : Component ST3 Mounting Hole
Add Class Member: Failed to add class member : Component ST4 Mounting Hole
Add Class Member: Failed to add class member : Component U2 ABX00053
Add Class Member: Failed to add class member : Component U3 RF95 Module
Add Class Member: Failed to add class member : Component U4 Lora_Testpoints
Add Class Member: Failed to add class member : Component USB1 Fuse 3568
Add Class Member: Failed to add class member : Component USB2 Fuse 3568
Added Room: Name=eLFLv2_0
