Change Component Footprint: Designator=12V Old Footprint=Terminal Block New Footprint=Anderson Power Pole
Change Component Footprint: Designator=DoorSense Old Footprint=Terminal Block New Footprint=Anderson Power Pole
Change Component Footprint: Designator=Output Batt Charger Old Footprint=Terminal Block New Footprint=Anderson Power Pole
Change Component Footprint: Designator=USB1 Old Footprint=Terminal Block New Footprint=Anderson Power Pole
Change Component Footprint: Designator=USB2 Old Footprint=Terminal Block New Footprint=Anderson Power Pole
Add Component: Footprint Not Found PTH-M2D5X5
Add Component: Footprint Not Found PTH-M2D5X5
Add Component: Footprint Not Found PTH-M2D5X5
Add Component: Footprint Not Found PTH-M2D5X5
Add Class Member: Failed to add class member : Component 12V Battery Terminal Connector
Add Class Member: Failed to add class member : Component BC1 Buck Converter
Add Class Member: Failed to add class member : Component P1 ACS723
Add Class Member: Failed to add class member : Component P3 ACS723
Add Class Member: Failed to add class member : Component Q Voltage Sensor
Add Class Member: Failed to add class member : Component ST1 Mounting Hole
Add Class Member: Failed to add class member : Component ST2 Mounting Hole
Add Class Member: Failed to add class member : Component ST3 Mounting Hole
Add Class Member: Failed to add class member : Component ST4 Mounting Hole
Add Class Member: Failed to add class member : Component USB1 Fuse 3568
Added Member To Class: ClassName=eLFLv2_0 Member=Component USB1 Terminal Connector
Added Room: Name=eLFLv2_0
