Change Component Footprint: Designator=LORA TestPoint Old Footprint=LORA TESTPOINTS New Footprint=MHDR1X9
Change Component Footprint: Designator=TP1 Old Footprint=Testpoints_Via New Footprint=0.038_Brass Testpoints
Change Component Footprint: Designator=TP2 Old Footprint=Testpoints_Via New Footprint=0.038_Brass Testpoints
Change Component Footprint: Designator=TP3 Old Footprint=Testpoints_Via New Footprint=0.038_Brass Testpoints
Change Component Footprint: Designator=TP4 Old Footprint=Testpoints_Via New Footprint=0.038_Brass Testpoints
Change Component Footprint: Designator=TP7 Old Footprint=Testpoints_Via New Footprint=0.038_Brass Testpoints
Change Component Footprint: Designator=TP8 Old Footprint=Testpoints_Via New Footprint=0.038_Brass Testpoints
Change Component Footprint: Designator=TP9 Old Footprint=Testpoints_Via New Footprint=0.038_Brass Testpoints
Change Component Footprint: Designator=TPCC Old Footprint=Testpoints_Via New Footprint=0.038_Brass Testpoints
Change Component Footprint: Designator=TPG Old Footprint=Testpoints_Via New Footprint=0.038_Brass Testpoints
Change Component Comment : Designator=12V Battery Old Comment= New Comment=Terminal Connector
Change Component Comment : Designator=Door Sensor Old Comment= New Comment=Terminal Connector
Change Component Comment : Designator=Output of Batt Charger Old Comment= New Comment=Terminal Connector
Change Component Comment : Designator=USB1 Old Comment= New Comment=Terminal Connector
Change Component Comment : Designator=USB2 Old Comment= New Comment=Terminal Connector
Change Component Comment : Designator=I1 Old Comment=12uH New Comment=12uF
Change Component Designator: OldDesignator=USB1 NewDesignator=USB2
Change Component Designator: OldDesignator=USB1 Fuse NewDesignator=USB2 Fuse
Change Component Designator: OldDesignator=USB2 NewDesignator=USB1
Change Component Designator: OldDesignator=USB2 Fuse NewDesignator=USB1 Fuse
Add Component: Footprint Not Found PTH-M2D5X5
Add Component: Footprint Not Found PTH-M2D5X5
Add Component: Footprint Not Found PTH-M2D5X5
Add Component: Footprint Not Found PTH-M2D5X5
Added Pin To Net: NetName=TX Pin=TP1-1
Added Pin To Net: NetName=LOAD INPUT Pin=TP2-1
Added Pin To Net: NetName=5V Pin=TP3-1
Added Pin To Net: NetName=DOOR SENSE Pin=TP4-1
Added Pin To Net: NetName=D7-TP Pin=TP7-1
Added Pin To Net: NetName=D8-TP Pin=TP8-1
Added Pin To Net: NetName=D9-TP Pin=TP9-1
Added Pin To Net: NetName=VCC Pin=TPCC-1
Added Pin To Net: NetName=GND Pin=TPG-1
Change Net Name : Old Net Name=NetUSB1 Fuse_4 New Net Name=NetUSB2 Fuse_4
Change Net Name : Old Net Name=NetUSB2 Fuse_4 New Net Name=NetUSB1 Fuse_4
Add Class Member: Failed to add class member : Component ST1 Mounting Hole
Add Class Member: Failed to add class member : Component ST2 Mounting Hole
Add Class Member: Failed to add class member : Component ST3 Mounting Hole
Add Class Member: Failed to add class member : Component ST4 Mounting Hole
Added Room: Name=eLFLv2_0
