Added Component: Designator=U1(MODULE_ABX00028)
Add component (AddParameter): Name = "Availability"; Value = "Unavailable"; VariantName = "[No Variations]"
Add component (AddParameter): Name = "MF"; Value = "{'manufacturer': u'Arduino'}"; VariantName = "[No Variations]"
Add component (AddParameter): Name = "MP"; Value = "ABX00028"; VariantName = "[No Variations]"
Add component (AddParameter): Name = "Package"; Value = "None"; VariantName = "[No Variations]"
Add component (AddParameter): Name = "Price"; Value = "None"; VariantName = "[No Variations]"
Add component (AddParameter): Name = "Value"; Value = ""; VariantName = "[No Variations]"
Added Component: Designator=U2(MODULE_FEATHER_M0_BASIC_PROTO)
Add component (AddParameter): Name = "Availability"; Value = "Unavailable"; VariantName = "[No Variations]"
Add component (AddParameter): Name = "MF"; Value = "{'manufacturer': u'Adafruit Industries'}"; VariantName = "[No Variations]"
Add component (AddParameter): Name = "MP"; Value = "FEATHER_M0_BASIC_PROTO"; VariantName = "[No Variations]"
Add component (AddParameter): Name = "Package"; Value = "None"; VariantName = "[No Variations]"
Add component (AddParameter): Name = "Price"; Value = "None"; VariantName = "[No Variations]"
Add component (AddParameter): Name = "Value"; Value = ""; VariantName = "[No Variations]"
Added Pin To Net: NetName=BAT_CUR Pin=U1-6
Added Net: Name=BAT_CUR
Added Pin To Net: NetName=BAT_V Pin=U1-7
Added Net: Name=BAT_V
Added Pin To Net: NetName=D7_TP Pin=U1-25
Added Net: Name=D7_TP
Added Pin To Net: NetName=D8_TP Pin=U1-26
Added Net: Name=D8_TP
Added Pin To Net: NetName=DOOR_SENSE Pin=U1-24
Added Net: Name=DOOR_SENSE
Added Pin To Net: NetName=GND Pin=U1-14
Added Pin To Net: NetName=GND Pin=U1-19
Added Net: Name=GND
Added Pin To Net: NetName=GRN_LED Pin=U1-23
Added Net: Name=GRN_LED
Added Pin To Net: NetName=LOAD_CUR Pin=U1-5
Added Net: Name=LOAD_CUR
Added Pin To Net: NetName=LORA_CS Pin=U1-28
Added Net: Name=LORA_CS
Added Pin To Net: NetName=LORA_EN Pin=U1-22
Added Net: Name=LORA_EN
Added Pin To Net: NetName=LORA_G0 Pin=U1-21
Added Net: Name=LORA_G0
Added Pin To Net: NetName=LORA_MISO Pin=U1-30
Added Net: Name=LORA_MISO
Added Pin To Net: NetName=LORA_MOSI Pin=U1-29
Added Net: Name=LORA_MOSI
Added Pin To Net: NetName=LORA_SCK Pin=U1-1
Added Net: Name=LORA_SCK
Added Pin To Net: NetName=OPEN_TX Pin=U1-16
Added Net: Name=OPEN_TX
Added Pin To Net: NetName=RED_LED Pin=U1-20
Added Net: Name=RED_LED
Added Pin To Net: NetName=RTC_SCL Pin=U1-9
Added Net: Name=RTC_SCL
Added Pin To Net: NetName=RTC_SDA Pin=U1-8
Added Net: Name=RTC_SDA
Added Pin To Net: NetName=TMP Pin=U1-4
Added Net: Name=TMP
Added Pin To Net: NetName=VCC Pin=U1-12
Added Net: Name=VCC
Added Class: Name=Nano_Particle_Breakout
Added Room: Name=Nano_Particle_Breakout
