Removed Pin From Net: NetName=TMP Pin=U?-P1_16
Removed Member From Class: ClassName=Nano_Particle_Breakout Member=U?
Added Pin To Net: NetName=OPEN_TX Pin=U2-P1_2
Added Pin To Net: NetName=LORA_MISO Pin=U2-P1_4
Added Pin To Net: NetName=LORA_MOSI Pin=U2-P1_5
Added Pin To Net: NetName=LORA_SCK Pin=U2-P1_6
Added Pin To Net: NetName=LORA_CS Pin=U2-P1_7
Added Pin To Net: NetName=BAT_V Pin=U2-P1_9
Added Pin To Net: NetName=BAT_CUR Pin=U2-P1_10
Added Pin To Net: NetName=LOAD_CUR Pin=U2-P1_11
Added Pin To Net: NetName=TMP Pin=U2-P1_12
Added Pin To Net: NetName=GND Pin=U2-P1_13
Added Pin To Net: NetName=VCC Pin=U2-P1_15
Added Pin To Net: NetName=D8_TP Pin=U2-P2_4
Added Pin To Net: NetName=D7_TP Pin=U2-P2_5
Added Pin To Net: NetName=GRN_LED Pin=U2-P2_6
Added Pin To Net: NetName=RED_LED Pin=U2-P2_7
Added Pin To Net: NetName=DOOR_SENSE Pin=U2-P2_8
Added Pin To Net: NetName=LORA_EN Pin=U2-P2_9
Added Pin To Net: NetName=LORA_G0 Pin=U2-P2_10
Added Pin To Net: NetName=RTC_SCL Pin=U2-P2_11
Added Pin To Net: NetName=RTC_SDA Pin=U2-P2_12
